#
# There is insufficient memory for the Java Runtime Environment to continue.
# Native memory allocation (mmap) failed to map 1073741824 bytes. Error detail: G1 virtual space
# Possible reasons:
#   The system is out of physical RAM or swap space
#   This process is running with CompressedOops enabled, and the Java Heap may be blocking the growth of the native heap
# Possible solutions:
#   Reduce memory load on the system
#   Increase physical memory or swap space
#   Check if swap backing store is full
#   Decrease Java heap size (-Xmx/-Xms)
#   Decrease number of Java threads
#   Decrease Java thread stack sizes (-Xss)
#   Set larger code cache with -XX:ReservedCodeCacheSize=
#   JVM is running with Zero Based Compressed Oops mode in which the Java heap is
#     placed in the first 32GB address space. The Java Heap base address is the
#     maximum limit for the native heap growth. Please use -XX:HeapBaseMinAddress
#     to set the Java Heap base and to place the Java Heap above 32GB virtual address.
# This output file may be truncated or incomplete.
#
#  Out of Memory Error (os_windows.cpp:3703), pid=123148, tid=99840
#
# JRE version:  (23.0.1+11) (build )
# Java VM: OpenJDK 64-Bit Server VM (23.0.1+11-39, mixed mode, emulated-client, sharing, tiered, compressed oops, compressed class ptrs, g1 gc, windows-amd64)
# No core dump will be written. Minidumps are not enabled by default on client versions of Windows
#

---------------  S U M M A R Y ------------

Command Line: -XX:TieredStopAtLevel=1 -Dspring.profiles.active=local -Dspring.output.ansi.enabled=always -Dcom.sun.management.jmxremote -Dspring.jmx.enabled=true -Dspring.liveBeansView.mbeanDomain -Dspring.application.admin.enabled=true -Dmanagement.endpoints.jmx.exposure.include=* -javaagent:C:\Program Files\JetBrains\IntelliJ IDEA 2022.3.2\lib\idea_rt.jar=62236:C:\Program Files\JetBrains\IntelliJ IDEA 2022.3.2\bin -Dfile.encoding=UTF-8 -Dsun.stdout.encoding=UTF-8 -Dsun.stderr.encoding=UTF-8 com.blog4j.limiter.TrafficLimiterApplication

Host: 12th Gen Intel(R) Core(TM) i7-12700, 20 cores, 63G,  Windows 10 , 64 bit Build 19041 (10.0.19041.3031)
Time: Tue Dec 17 00:31:43 2024  Windows 10 , 64 bit Build 19041 (10.0.19041.3031) elapsed time: 0.034872 seconds (0d 0h 0m 0s)

---------------  T H R E A D  ---------------

Current thread (0x000001cae5d2c510):  JavaThread "Unknown thread" [_thread_in_vm, id=99840, stack(0x000000c8fc100000,0x000000c8fc200000) (1024K)]

Stack: [0x000000c8fc100000,0x000000c8fc200000]
Native frames: (J=compiled Java code, j=interpreted, Vv=VM code, C=native code)
V  [jvm.dll+0x6e08b9]  (no source info available)
V  [jvm.dll+0x87dc83]  (no source info available)
V  [jvm.dll+0x88010e]  (no source info available)
V  [jvm.dll+0x8807e3]  (no source info available)
V  [jvm.dll+0x27aee6]  (no source info available)
V  [jvm.dll+0x6dd1c5]  (no source info available)
V  [jvm.dll+0x6d104a]  (no source info available)
V  [jvm.dll+0x35b3ea]  (no source info available)
V  [jvm.dll+0x3637f6]  (no source info available)
V  [jvm.dll+0x34fd5e]  (no source info available)
V  [jvm.dll+0x34fff8]  (no source info available)
V  [jvm.dll+0x3289cc]  (no source info available)
V  [jvm.dll+0x32966e]  (no source info available)
V  [jvm.dll+0x844355]  (no source info available)
V  [jvm.dll+0x3b9848]  (no source info available)
V  [jvm.dll+0x82d14c]  (no source info available)
V  [jvm.dll+0x454d4e]  (no source info available)
V  [jvm.dll+0x456bd1]  (no source info available)
C  [jli.dll+0x52a3]  (no source info available)
C  [ucrtbase.dll+0x21bb2]  (no source info available)
C  [KERNEL32.DLL+0x17614]  (no source info available)
C  [ntdll.dll+0x526f1]  (no source info available)

Lock stack of current Java thread (top to bottom):


---------------  P R O C E S S  ---------------

Threads class SMR info:
_java_thread_list=0x00007ffc505f3618, length=0, elements={
}

Java Threads: ( => current thread )
Total: 0

Other Threads:
  0x000001cae8ab20e0 WorkerThread "GC Thread#0"                     [id=125800, stack(0x000000c8fc200000,0x000000c8fc300000) (1024K)]
  0x000001cae819e150 ConcurrentGCThread "G1 Main Marker"            [id=120544, stack(0x000000c8fc300000,0x000000c8fc400000) (1024K)]
  0x000001cae819eb70 WorkerThread "G1 Conc#0"                       [id=78432, stack(0x000000c8fc400000,0x000000c8fc500000) (1024K)]

[error occurred during error reporting (printing all threads), id 0xc0000005, EXCEPTION_ACCESS_VIOLATION (0xc0000005) at pc=0x00007ffc4fd3bfba]
VM state: not at safepoint (not fully initialized)

VM Mutex/Monitor currently owned by a thread:  ([mutex/lock_event])
[0x00007ffc50673a10] Heap_lock - owner thread: 0x000001cae5d2c510

Heap address: 0x0000000403800000, size: 16328 MB, Compressed Oops mode: Zero based, Oop shift amount: 3

CDS archive(s) mapped at: [0x0000000000000000-0x0000000000000000-0x0000000000000000), size 0, SharedBaseAddress: 0x0000000800000000, ArchiveRelocationMode: 1.
Narrow klass base: 0x0000000000000000, Narrow klass shift: 0, Narrow klass range: 0x0

GC Precious Log:
 CardTable entry size: 512
 Card Set container configuration: InlinePtr #cards 4 size 8 Array Of Cards #cards 64 size 144 Howl #buckets 8 coarsen threshold 14745 Howl Bitmap #cards 2048 size 272 coarsen threshold 1843 Card regions per heap region 1 cards per card region 16384

Heap:
 garbage-first heap   total reserved 16719872K, committed 0K, used 0K [0x0000000403800000, 0x0000000800000000)
  region size 8192K, 0 young (0K), 0 survivors (0K)

[error occurred during error reporting (printing heap information), id 0xc0000005, EXCEPTION_ACCESS_VIOLATION (0xc0000005) at pc=0x00007ffc5013c3c9]
GC Heap History (0 events):
No events

Dll operation events (1 events):
Event: 0.020 Loaded shared library C:\Users\lee_seunghun06\.jdks\openjdk-23.0.1\bin\java.dll

Deoptimization events (0 events):
No events

Classes loaded (0 events):
No events

Classes unloaded (0 events):
No events

Classes redefined (0 events):
No events

Internal exceptions (0 events):
No events

VM Operations (0 events):
No events

Memory protections (0 events):
No events

Nmethod flushes (0 events):
No events

Events (0 events):
No events


Dynamic libraries:
0x00007ff692630000 - 0x00007ff69263e000 	C:\Users\lee_seunghun06\.jdks\openjdk-23.0.1\bin\java.exe
0x00007ffd01c70000 - 0x00007ffd01e68000 	C:\Windows\SYSTEM32\ntdll.dll
0x00007ffd010e0000 - 0x00007ffd0119f000 	C:\Windows\System32\KERNEL32.DLL
0x00007ffcff4a0000 - 0x00007ffcff796000 	C:\Windows\System32\KERNELBASE.dll
0x00007ffcff3a0000 - 0x00007ffcff4a0000 	C:\Windows\System32\ucrtbase.dll
0x00007ffcfc650000 - 0x00007ffcfc667000 	C:\Users\lee_seunghun06\.jdks\openjdk-23.0.1\bin\jli.dll
0x00007ffd01620000 - 0x00007ffd017bd000 	C:\Windows\System32\USER32.dll
0x00007ffcff8f0000 - 0x00007ffcff912000 	C:\Windows\System32\win32u.dll
0x00007ffd01410000 - 0x00007ffd0143c000 	C:\Windows\System32\GDI32.dll
0x00007ffcffa50000 - 0x00007ffcffb65000 	C:\Windows\System32\gdi32full.dll
0x00007ffcff7a0000 - 0x00007ffcff83d000 	C:\Windows\System32\msvcp_win.dll
0x00007ffcec170000 - 0x00007ffcec18b000 	C:\Users\lee_seunghun06\.jdks\openjdk-23.0.1\bin\VCRUNTIME140.dll
0x00007ffce9ae0000 - 0x00007ffce9d7a000 	C:\Windows\WinSxS\amd64_microsoft.windows.common-controls_6595b64144ccf1df_6.0.19041.1110_none_60b5254171f9507e\COMCTL32.dll
0x00007ffcffcd0000 - 0x00007ffcffd6e000 	C:\Windows\System32\msvcrt.dll
0x00007ffd00e60000 - 0x00007ffd00e90000 	C:\Windows\System32\IMM32.DLL
0x00007ffcbcbb0000 - 0x00007ffcbcbed000 	c:\wwcnt\system\wwglhk64.dll
0x00007ffd015b0000 - 0x00007ffd01605000 	C:\Windows\System32\SHLWAPI.dll
0x00007ffd01360000 - 0x00007ffd0140f000 	C:\Windows\System32\ADVAPI32.dll
0x00007ffcffdf0000 - 0x00007ffcffe8c000 	C:\Windows\System32\sechost.dll
0x00007ffd00fb0000 - 0x00007ffd010d6000 	C:\Windows\System32\RPCRT4.dll
0x00007ffcbcb30000 - 0x00007ffcbcba3000 	c:\wwcnt\system\WWBlockProc64.dll
0x00007ffd00140000 - 0x00007ffd00884000 	C:\Windows\System32\SHELL32.dll
0x00007ffcfa4f0000 - 0x00007ffcfa504000 	C:\Windows\SYSTEM32\WTSAPI32.dll
0x00007ffcff250000 - 0x00007ffcff27e000 	C:\Windows\SYSTEM32\USERENV.dll
0x00007ffd00980000 - 0x00007ffd00a2d000 	C:\Windows\System32\shcore.dll
0x00007ffd00a90000 - 0x00007ffd00de4000 	C:\Windows\System32\combase.dll
0x00007ffcfe490000 - 0x00007ffcfe4c3000 	C:\Windows\SYSTEM32\ntmarta.dll
0x00007ffcfa930000 - 0x00007ffcfa99a000 	c:\wwcnt\system\printhk64.dll
0x00007ffcfcee0000 - 0x00007ffcfcef2000 	C:\Windows\SYSTEM32\kernel.appcore.dll
0x00007ffcf3cc0000 - 0x00007ffcf3e2b000 	C:\Windows\system32\tmumh\20019\AddOn\8.55.0.1129\TmUmEvt64.dll
0x00007ffd01610000 - 0x00007ffd01618000 	C:\Windows\System32\PSAPI.DLL
0x0000000073220000 - 0x0000000073393000 	C:\Windows\system32\tmumh\20019\TmMon\2.9.0.1048\tmmon64.dll
0x00007ffcfc5f0000 - 0x00007ffcfc5fc000 	C:\Users\lee_seunghun06\.jdks\openjdk-23.0.1\bin\vcruntime140_1.dll
0x00007ffcd8320000 - 0x00007ffcd83ae000 	C:\Users\lee_seunghun06\.jdks\openjdk-23.0.1\bin\msvcp140.dll
0x00007ffc4fa00000 - 0x00007ffc5074f000 	C:\Users\lee_seunghun06\.jdks\openjdk-23.0.1\bin\server\jvm.dll
0x00007ffd00df0000 - 0x00007ffd00e5b000 	C:\Windows\System32\WS2_32.dll
0x00007ffcfe8d0000 - 0x00007ffcfe91b000 	C:\Windows\SYSTEM32\POWRPROF.dll
0x00007ffcf3ee0000 - 0x00007ffcf3f07000 	C:\Windows\SYSTEM32\WINMM.dll
0x00007ffcf74d0000 - 0x00007ffcf74da000 	C:\Windows\SYSTEM32\VERSION.dll
0x00007ffcfe740000 - 0x00007ffcfe752000 	C:\Windows\SYSTEM32\UMPDC.dll
0x00007ffcf8d00000 - 0x00007ffcf8d0a000 	C:\Users\lee_seunghun06\.jdks\openjdk-23.0.1\bin\jimage.dll
0x00007ffce9460000 - 0x00007ffce9644000 	C:\Windows\SYSTEM32\DBGHELP.DLL
0x00007ffce7b50000 - 0x00007ffce7b84000 	C:\Windows\SYSTEM32\dbgcore.DLL
0x00007ffcff9c0000 - 0x00007ffcffa42000 	C:\Windows\System32\bcryptPrimitives.dll
0x00007ffccf490000 - 0x00007ffccf49f000 	C:\Users\lee_seunghun06\.jdks\openjdk-23.0.1\bin\instrument.dll
0x00007ffce6360000 - 0x00007ffce637e000 	C:\Users\lee_seunghun06\.jdks\openjdk-23.0.1\bin\java.dll
0x00007ffcfff40000 - 0x00007ffd0006a000 	C:\Windows\System32\ole32.dll

dbghelp: loaded successfully - version: 4.0.5 - missing functions: none
symbol engine: initialized successfully - sym options: 0x614 - pdb path: .;C:\Users\lee_seunghun06\.jdks\openjdk-23.0.1\bin;C:\Windows\SYSTEM32;C:\Windows\WinSxS\amd64_microsoft.windows.common-controls_6595b64144ccf1df_6.0.19041.1110_none_60b5254171f9507e;c:\wwcnt\system;C:\Windows\system32\tmumh\20019\AddOn\8.55.0.1129;C:\Windows\system32\tmumh\20019\TmMon\2.9.0.1048;C:\Users\lee_seunghun06\.jdks\openjdk-23.0.1\bin\server

VM Arguments:
jvm_args: -XX:TieredStopAtLevel=1 -Dspring.profiles.active=local -Dspring.output.ansi.enabled=always -Dcom.sun.management.jmxremote -Dspring.jmx.enabled=true -Dspring.liveBeansView.mbeanDomain -Dspring.application.admin.enabled=true -Dmanagement.endpoints.jmx.exposure.include=* -javaagent:C:\Program Files\JetBrains\IntelliJ IDEA 2022.3.2\lib\idea_rt.jar=62236:C:\Program Files\JetBrains\IntelliJ IDEA 2022.3.2\bin -Dfile.encoding=UTF-8 -Dsun.stdout.encoding=UTF-8 -Dsun.stderr.encoding=UTF-8 
java_command: com.blog4j.limiter.TrafficLimiterApplication
java_class_path (initial): C:\Dalgona\framework\blog4j.limiter-api\build\classes\java\main;C:\Dalgona\framework\blog4j.limiter-api\build\resources\main;C:\Users\lee_seunghun06\.gradle\caches\modules-2\files-2.1\org.springframework.boot\spring-boot-configuration-processor\3.4.0\fc571725ca8b92a09a48ccce8ab1547464b0bd8b\spring-boot-configuration-processor-3.4.0.jar;C:\Users\lee_seunghun06\.gradle\caches\modules-2\files-2.1\org.projectlombok\lombok\1.18.36\5a30490a6e14977d97d9c73c924c1f1b5311ea95\lombok-1.18.36.jar;C:\Users\lee_seunghun06\.gradle\caches\modules-2\files-2.1\org.springframework.boot\spring-boot-starter-data-redis-reactive\3.4.0\6f5167ebfa279a74425748d177937a82ef4d91b7\spring-boot-starter-data-redis-reactive-3.4.0.jar;C:\Users\lee_seunghun06\.gradle\caches\modules-2\files-2.1\org.springframework.boot\spring-boot-starter-web\3.4.0\5447a62dc3dee3eadf2def23314e0db4c81bb3\spring-boot-starter-web-3.4.0.jar;C:\Users\lee_seunghun06\.gradle\caches\modules-2\files-2.1\com.bucket4j\bucket4j-redis\8.7.0\df4ab6ae54c0c0c1d5402148809dd837ade624e4\bucket4j-redis-8.7.0.jar;C:\Users\lee_seunghun06\.gradle\caches\modules-2\files-2.1\org.jasypt\jasypt\1.9.2\91eee489a389faba9fc57bfee75c87c615c19cd7\jasypt-1.9.2.jar;C:\Users\lee_seunghun06\.gradle\caches\modules-2\files-2.1\org.springframework.boot\spring-boot-starter-thymeleaf\3.4.0\1ec7fdf829d485800146ec333d6e30af9fbc4830\spring-boot-starter-thymeleaf-3.4.0.jar;C:\Users\lee_seunghun06\.gradle\caches\modules-2\files-2.1\org.springframework.boot\spring-boot-starter-webflux\3.4.0\69e4eaf6c5b1aee42b65d4077deb964a8bad6e19\spring-boot-starter-webflux-3.4.0.jar;C:\Users\lee_seunghun06\.gradle\caches\modules-2\files-2.1\org.springframework.boot\spring-boot-starter-aop\3.4.0\3b52be3d632640104438524fa90ac0df44676352\spring-boot-starter-aop-3.4.0.jar;C:\Users\lee_seunghun06\.gradle\caches\modules-2\files-2.1\org.springframework.boot\spring-boot-starter\3.4.0\81b6241291e468e5654a4df26ee8fb35c2879bbc\spring-boot-starter-3.4.0.jar;C:\Users\lee_seunghun06\.gradle\caches\modules-2\files-2.1\io.lettuce\lettuce-core\6.4.1.RELEASE\5e4483ac2281c76bd89754ce0192b3663b5cf68\lettuce-core-6.4.1.RELEASE.jar;C:\Users\lee_seunghun06\.gradle\caches\modules-2\files-2.1\io.projectreactor\reactor-core\3.7.0\e98fd1c48144d43f48141b9ebd6723da3b88fb77\reactor-core-3.7.0.jar;C:\Users\lee_seunghun06\.gradle\caches\modules-2\files-2.1\org.springframework.data\spring-data-redis\3.4.0\d59875676ff290082e3432c5035adc6323cdcc73\spring-data-redis-3.4.0.jar;C:\Users\lee_seunghun06\.gradle\caches\modules-2\files-2.1\org.springframework.boot\spring-boot-starter-json\3.4.0\b817379dd7629234dbacd52a7d5a6b11f95d8d67\spring-boot-starter-json-3.4.0.jar;C:\Users\lee_seunghun06\.gradle\caches\modules-2\files-2.1\org.springframework.boot\spring-boot-starter-tomcat\3.4.0\90a4cb855aa6fab8da0a3831d8fff5e5a9093d6a\spring-boot-starter-tomcat-3.4.0.jar;C:\Users\lee_seunghun06\.gradle\caches\modules-2\files-2.1\org.springframework\spring-webmvc\6.2.0\2eddfeb4d7a12b1ed301bc07abc7e73bca94c2e9\spring-webmvc-6.2.0.jar;C:\Users\lee_seunghun06\.gradle\caches\modules-2\files-2.1\org.springframework\spring-web\6.2.0\e1b702476fe83b2354baf88b8179f71c53fbbfae\spring-web-6.2.0.jar;C:\Users\lee_seunghun06\.gradle\caches\modules-2\files-2.1\com.bucket4j\bucket4j-core\8.7.0\16f77dc46e34b1171d65847b8390c656cae7ddb1\bucket4j-core-8.7.0.jar;C:\Users\lee_seunghun06\.gradle\caches\modules-2\files-2.1\org.thymeleaf\thymeleaf-spring6\3.1.2.RELEASE\6030c7b4e260c41336f378e53da6e8531263f24b\thymeleaf-spring6-3.1.2.RELEASE.jar;C:\Users\lee_seunghun06\.gradle\caches\modules-2\files-2.1\org.springframework\spring-webflux\6.2.0\e94a99e1442f2215599f6977d1d02101e7e8ae87\spring-webflux-6.2.0.jar;C:\Users\lee_seunghun06\.gradle\caches\modules-2\files-2.1\org.springframework.boot\spring-boot-starter-reactor-netty\3.4.0\54a9f73c94384e8fb290be274d9a288efec9fd05\spring-boot-starter-reactor-netty-3.4.0.jar;C:\Users\lee_seunghun06\.gradle\caches\modules-2\files-2.1\org.springframework\spring-aop\6.2.0\999012dfb56640f7babdf4f6c55b3f59c1596f3f\spring-aop-6.2.0.jar;C:\Users\lee_seunghun06\.gradle\caches\modules-2\files-2.1\org.aspectj\aspectjweaver\1.9.22.1\bca243d0af0db4758fbae45c5f4995cb5dabb612\aspectjweaver-1.9.22.1.jar;C:\Users\lee_seunghun06\.gradle\caches\modules-2\files-2.1\org.springframework.boot\spring-boot-autoconfigure\3.4.0\2cf78b01be25952c96cb8ee60b4b0562b3a136f2\spring-boot-autoconfigure-3.4.0.jar;C:\Users\lee_seunghun06\.gradle\caches\modules-2\files-2.1\org.springframework.boot\spring-boot\3.4.0\cbc6c54cc6958a5e24872025e0d6ff0c87ed3594\spring-boot-3.4.0.jar;C:\Users\lee_seunghun06\.gradle\caches\modules-2\files-2.1\org.springframework.boot\spring-boot-starter-logging\3.4.0\10d953f63139bf05ca8bee79272aadac745e297e\spring-boot-starter-logging-3.4.0.jar;C:\Users\lee_seunghun06\.gradle\caches\modules-2\files-2.1\jakarta.annotation\jakarta.annotation-api\2.1.1\48b9bda22b091b1f48b13af03fe36db3be6e1ae3\jakarta.annotation-api-2.1.1.jar;C:\Users\lee_seunghun06\.gradle\caches\modules-2\files-2.1\org.springframework\spring-core\6.2.0\b0d65768b9f99204857dc9a5548443c04ba61c79\spring-core-6.2.0.jar;C:\Users\lee_seunghun06\.gradle\caches\modules-2\files-2.1\org.yaml\snakeyaml\2.3\936b36210e27320f920536f695cf1af210c44586\snakeyaml-2.3.jar;C:\Users\lee_seunghun06\.gradle\caches\modules-2\files-2.1\io.netty\netty-handler\4.1.115.Final\d54dbf68b9d88a98240107758c6b63da5e46e23a\netty-handler-4.1.115.Final.jar;C:\Users\lee_seunghun06\.gradle\caches\modules-2\files-2.1\io.netty\netty-transport\4.1.115.Final\39cef77c1a25908ac1abf4960c2e789f0bf70ff9\netty-transport-4.1.115.Final.jar;C:\Users\lee_seunghun06\.gradle\caches\modules-2\files-2.1\io.netty\netty-common\4.1.115.Final\9da10a9f72e3f87e181d91b525174007a6fc4f11\netty-common-4.1.115.Final.jar;C:\Users\lee_seunghun06\.gradle\caches\modules-2\files-2.1\org.reactivestreams\reactive-streams\1.0.4\3864a1320d97d7b045f729a326e1e077661f31b7\reactive-streams-1.0.4.jar;C:\Users\lee_seunghun06\.gradle\caches\modules-2\files-2.1\org.springframework.data\spring-data-keyvalue\3.4.0\aee37bd009436511694e4639964c75f20a522997\spring-data-keyvalue-3.4.0.jar;C:\Users\lee_seunghun06\.gradle\caches\modules-2\files-2.1\org.springframework\spring-context-support\6.2.0\dc8c4dcd60296c8d1d2429a839581bf8f457c1ab\spring-context-support-6.2.0.jar;C:\Users\lee_seunghun06\.gradle\caches\modules-2\files-2.1\org.springframework\spring-tx\6.2.0\940031e305c992e11d52cb3e75fb71f71bf5a19d\spring-tx-6.2.0.jar;C:\Users\lee_seunghun06\.gradle\caches\modules-2\files-2.1\org.springframework\spring-oxm\6.2.0\6e6d69ba286bf9cedb2e469b8b1457c73ccfa61a\spring-oxm-6.2.0.jar;C:\Users\lee_seunghun06\.gradle\caches\modules-2\files-2.1\org.slf4j\slf4j-api\2.0.16\172931663a09a1fa515567af5fbef00897d3c04\slf4j-api-2.0.16.jar;C:\Users\lee_seunghun06\.gradle\caches\modules-2\files-2.1\com.fasterxml.jackson.datatype\jackson-datatype-jsr310\2.18.1\36e49c07197395164d50df4b8ed17f5fc05430f0\jackson-datatype-jsr310-2.18.1.jar;C:\Users\lee_seunghun06\.gradle\caches\modules-2\files-2.1\com.fasterxml.jackson.module\jackson-module-parameter-names\2.18.1\202b447a91d5466433f91690f9414dd466dcbc2b\jackson-module-parameter-names-2.18.1.jar;C:\Users\lee_seunghun06\.gradle\caches\modules-2\files-2.1\com.fasterxml.jackson.datatype\jackson-datatype-jdk8\2.18.1\944810b96bfe1d149ecdafb1228537610e14367a\jackson-datatype-jdk8-2.18.1.jar;C:\Users\lee_seunghun06\.gradle\caches\modules-2\files-2.1\com.fasterxml.jackson.core\jackson-databind\2.18.1\66547d0c6c2f9e022019499308f09bebbf30ab2e\jackson-databind-2.18.1.jar;C:\Users\lee_seunghun06\.gradle\caches\modules-2\files-2.1\org.apache.tomcat.embed\tomcat-embed-websocket\10.1.33\67feeb848bf741029ed7a0fe91bcae515e7b1c25\tomcat-embed-websocket-10.1.33.jar;C:\Users\lee_seunghun06\.gradle\caches\modules-2\files-2.1\org.apache.tomcat.embed\tomcat-embed-core\10.1.33\d4d10b953164db057e4a803506e4552731e5a6a0\tomcat-embed-core-10.1.33.jar;C:\Users\lee_seunghun06\.gradle\caches\modules-2\files-2.1\org.apache.tomcat.embed\tomcat-embed-el\10.1.33\6cdf9afcb8577309fae1181e0a5f2f8cff559d97\tomcat-embed-el-10.1.33.jar;C:\Users\lee_seunghun06\.gradle\caches\modules-2\files-2.1\org.springframework\spring-context\6.2.0\c08dc2bbbe833de7ceda56e8b8bbcc7014413a2a\spring-context-6.2.0.jar;C:\Users\lee_seunghun06\.gradle\caches\modules-2\files-2.1\org.springframework\spring-beans\6.2.0\972694ca3c2f44d64d55429dfcc6ca2dfa9fddf\spring-beans-6.2.0.jar;C:\Users\lee_seunghun06\.gradle\caches\modules-2\files-2.1\org.springframework\spring-expression\6.2.0\7e92dcd147157641446081db281e9437d8f4dcd\spring-expression-6.2.0.jar;C:\Users\lee_seunghun06\.gradle\caches\modules-2\files-2.1\io.micrometer\micrometer-observation\1.14.1\db326347a09c9c18b4149aae98b38d280cafdeb9\micrometer-observation-1.14.1.jar;C:\Users\lee_seunghun06\.gradle\caches\modules-2\files-2.1\org.thymeleaf\thymeleaf\3.1.2.RELEASE\273997509a4c7aef86cee0521750140c587d9be2\thymeleaf-3.1.2.RELEASE.jar;C:\Users\lee_seunghun06\.gradle\caches\modules-2\files-2.1\io.projectreactor.netty\reactor-netty-http\1.2.0\cc05be22b2e9ee88be29ccc7c8b13aa227572b5c\reactor-netty-http-1.2.0.jar;C:\Users\lee_seunghun06\.gradle\caches\modules-2\files-2.1\ch.qos.logback\logback-classic\1.5.12\3790d1a62e868f7915776dfb392bd9a29ce8d954\logback-classic-1.5.12.jar;C:\Users\lee_seunghun06\.gradle\caches\modules-2\files-2.1\org.apache.logging.log4j\log4j-to-slf4j\2.24.1\fc8228007ccbf3bcdd9c6045de2c20bd03dbcf6e\log4j-to-slf4j-2.24.1.jar;C:\Users\lee_seunghun06\.gradle\caches\modules-2\files-2.1\org.slf4j\jul-to-slf4j\2.0.16\6d57da3e961daac65bcca0dd3def6cd11e48a24a\jul-to-slf4j-2.0.16.jar;C:\Users\lee_seunghun06\.gradle\caches\modules-2\files-2.1\org.springframework\spring-jcl\6.2.0\2b8e7bb1e751bf585e7db6de1d375c599e0c8cf5\spring-jcl-6.2.0.jar;C:\Users\lee_seunghun06\.gradle\caches\modules-2\files-2.1\io.netty\netty-transport-native-unix-common\4.1.115.Final\dc96c67d06cd6b5eb677f2728f27bf2e3d9a7284\netty-transport-native-unix-common-4.1.115.Final.jar;C:\Users\lee_seunghun06\.gradle\caches\modules-2\files-2.1\io.netty\netty-codec\4.1.115.Final\d326bf3a4c785b272da3db6941779a1bd5448378\netty-codec-4.1.115.Final.jar;C:\Users\lee_seunghun06\.gradle\caches\modules-2\files-2.1\io.netty\netty-resolver\4.1.115.Final\e33b4d476c03975957f5d8d0319d592bf2bc5e96\netty-resolver-4.1.115.Final.jar;C:\Users\lee_seunghun06\.gradle\caches\modules-2\files-2.1\io.netty\netty-buffer\4.1.115.Final\d5daf1030e5c36d198caf7562da2441a97ec0df6\netty-buffer-4.1.115.Final.jar;C:\Users\lee_seunghun06\.gradle\caches\modules-2\files-2.1\org.springframework.data\spring-data-commons\3.4.0\18db6a4614e253a642b06a38a359b8d56b855be1\spring-data-commons-3.4.0.jar;C:\Users\lee_seunghun06\.gradle\caches\modules-2\files-2.1\com.fasterxml.jackson.core\jackson-annotations\2.18.1\8f9aa97e7fb44d4bea829061625472b0f6199923\jackson-annotations-2.18.1.jar;C:\Users\lee_seunghun06\.gradle\caches\modules-2\files-2.1\com.fasterxml.jackson.core\jackson-core\2.18.1\9e2284c539e2dedd2aa1487c781e20a0f575d695\jackson-core-2.18.1.jar;C:\Users\lee_seunghun06\.gradle\caches\modules-2\files-2.1\io.micrometer\micrometer-commons\1.14.1\b7cf441e6c9de70794b09086751a8ec0e311d47e\micrometer-commons-1.14.1.jar;C:\Users\lee_seunghun06\.gradle\caches\modules-2\files-2.1\org.attoparser\attoparser\2.0.7.RELEASE\e5d0e988d9124139d645bb5872b24dfa23e283cc\attoparser-2.0.7.RELEASE.jar;C:\Users\lee_seunghun06\.gradle\caches\modules-2\files-2.1\org.unbescape\unbescape\1.1.6.RELEASE\7b90360afb2b860e09e8347112800d12c12b2a13\unbescape-1.1.6.RELEASE.jar;C:\Users\lee_seunghun06\.gradle\caches\modules-2\files-2.1\io.projectreactor.netty\reactor-netty-core\1.2.0\ae640e8b88f2beeaf752411dbf3b09008cfe8dd4\reactor-netty-core-1.2.0.jar;C:\Users\lee_seunghun06\.gradle\caches\modules-2\files-2.1\io.netty\netty-codec-http2\4.1.115.Final\bc474c27c96e3a309da73160fbcfe0bd3aa85bc\netty-codec-http2-4.1.115.Final.jar;C:\Users\lee_seunghun06\.gradle\caches\modules-2\files-2.1\io.netty\netty-codec-http\4.1.115.Final\80f0dece29a2c0269217e8dd1b6db6ff9710781f\netty-codec-http-4.1.115.Final.jar;C:\Users\lee_seunghun06\.gradle\caches\modules-2\files-2.1\io.netty\netty-resolver-dns-native-macos\4.1.115.Final\f26e44e39a65570d01ca52f7eab17a9983a1b91d\netty-resolver-dns-native-macos-4.1.115.Final-osx-x86_64.jar;C:\Users\lee_seunghun06\.gradle\caches\modules-2\files-2.1\io.netty\netty-resolver-dns\4.1.115.Final\33b0636c6fe36c7f41d9da204aa1ad94ff244ac7\netty-resolver-dns-4.1.115.Final.jar;C:\Users\lee_seunghun06\.gradle\caches\modules-2\files-2.1\io.netty\netty-transport-native-epoll\4.1.115.Final\a6cc58c4a259bad159cbb06120cea9b3474e86a0\netty-transport-native-epoll-4.1.115.Final-linux-x86_64.jar;C:\Users\lee_seunghun06\.gradle\caches\modules-2\files-2.1\ch.qos.logback\logback-core\1.5.12\65b1fa25fe8d8e4bdc140e79eb67ac6741f775e2\logback-core-1.5.12.jar;C:\Users\lee_seunghun06\.gradle\caches\modules-2\files-2.1\org.apache.logging.log4j\log4j-api\2.24.1\7ebeb12c20606373005af4232cd0ecca72613dda\log4j-api-2.24.1.jar;C:\Users\lee_seunghun06\.gradle\caches\modules-2\files-2.1\io.netty\netty-handler-proxy\4.1.115.Final\5f61f44704a09b373167f1c0b1854bdcd880a8cb\netty-handler-proxy-4.1.115.Final.jar;C:\Users\lee_seunghun06\.gradle\caches\modules-2\files-2.1\io.netty\netty-resolver-dns-classes-macos\4.1.115.Final\70dcbd4a64caa48a3149d0b166c5f5367a2ca2f8\netty-resolver-dns-classes-macos-4.1.115.Final.jar;C:\Users\lee_seunghun06\.gradle\caches\modules-2\files-2.1\io.netty\netty-codec-dns\4.1.115.Final\d39b9866939cbbb8ae3a1af5c1df5ddf93656d47\netty-codec-dns-4.1.115.Final.jar;C:\Users\lee_seunghun06\.gradle\caches\modules-2\files-2.1\io.netty\netty-transport-classes-epoll\4.1.115.Final\11fea00408ecbd8b8d1f0698d708e37db4a01841\netty-transport-classes-epoll-4.1.115.Final.jar;C:\Users\lee_seunghun06\.gradle\caches\modules-2\files-2.1\io.netty\netty-codec-socks\4.1.115.Final\955faadc8f5b1ca41881398043b62ce1a245800c\netty-codec-socks-4.1.115.Final.jar;C:\Users\lee_seunghun06\.gradle\caches\modules-2\files-2.1\jakarta.xml.bind\jakarta.xml.bind-api\4.0.2\6cd5a999b834b63238005b7144136379dc36cad2\jakarta.xml.bind-api-4.0.2.jar;C:\Users\lee_seunghun06\.gradle\caches\modules-2\files-2.1\jakarta.activation\jakarta.activation-api\2.1.3\fa165bd70cda600368eee31555222776a46b881f\jakarta.activation-api-2.1.3.jar
Launcher Type: SUN_STANDARD

[Global flags]
     intx CICompilerCount                          = 12                                        {product} {ergonomic}
     uint ConcGCThreads                            = 4                                         {product} {ergonomic}
     uint G1ConcRefinementThreads                  = 15                                        {product} {ergonomic}
   size_t G1HeapRegionSize                         = 8388608                                   {product} {ergonomic}
   size_t InitialHeapSize                          = 1073741824                                {product} {ergonomic}
     bool ManagementServer                         = true                                      {product} {command line}
   size_t MarkStackSize                            = 4194304                                   {product} {ergonomic}
   size_t MarkStackSizeMax                         = 536870912                                 {product} {ergonomic}
   size_t MaxHeapSize                              = 17121148928                               {product} {ergonomic}
   size_t MinHeapDeltaBytes                        = 8388608                                   {product} {ergonomic}
   size_t MinHeapSize                              = 8388608                                   {product} {ergonomic}
    uintx NonNMethodCodeHeapSize                   = 4096                                   {pd product} {ergonomic}
    uintx NonProfiledCodeHeapSize                  = 0                                      {pd product} {ergonomic}
     bool ProfileInterpreter                       = false                                  {pd product} {command line}
    uintx ProfiledCodeHeapSize                     = 0                                      {pd product} {ergonomic}
   size_t SoftMaxHeapSize                          = 17121148928                            {manageable} {ergonomic}
     intx TieredStopAtLevel                        = 1                                         {product} {command line}
     bool UseCompressedOops                        = true                           {product lp64_product} {ergonomic}
     bool UseG1GC                                  = true                                      {product} {ergonomic}
     bool UseLargePagesIndividualAllocation        = false                                  {pd product} {ergonomic}

Logging:
Log output configuration:
 #0: stdout all=warning uptime,level,tags foldmultilines=false
 #1: stderr all=off uptime,level,tags foldmultilines=false

Environment Variables:
JAVA_HOME=C:\Program Files\Java\jdk-17
PATH=C:\Python311\Scripts\;C:\Python311\;C:\Windows\Softcamp\SDK;C:\Windows\Softcamp\SDS\x64;C:\Windows\Softcamp\SDS;C:\Windows\system32;C:\Windows;C:\Windows\System32\Wbem;C:\Windows\System32\WindowsPowerShell\v1.0\;C:\Windows\System32\OpenSSH\;C:\Program Files\PuTTY\;C:\Program Files\Git\cmd;C:\Program Files (x86)\glab;C:\Program Files\Go\bin;C:\ProgramData\chocolatey\bin;C:\Users\lee_seunghun06\AppData\Roaming\nvm;C:\Program Files\nodejs;"C:\MYPRAC\apache-maven-3.9.0\bin;";C:\Program Files\Bandizip\;C:\Program Files\Java\jdk-17\bin;C:\Program Files\Common Files\Oracle\Java\javapath;C:\Program Files (x86)\Common Files\Oracle\Java\java8path;C:\Program Files (x86)\Common Files\Oracle\Java\javapath;C:\Program Files\Amazon\AWSCLIV2\;C:\Program Files\Amazon\SessionManagerPlugin\bin\;C:\Program Files\Docker\Docker\resources\bin;C:\Users\lee_seunghun06\AppData\Local\Microsoft\WindowsApps;C:\Users\lee_seunghun06\AppData\Local\Programs\Microsoft VS Code\bin;C:\Users\lee_seunghun06\go\bin;C:\Users\lee_seunghun06\AppData\Roaming\npm;C:\Users\lee_seunghun06\AppData\Roaming\nvm;C:\Program Files\nodejs;C:\Users\lee_seunghun06\AppData\Local\Programs\Fiddler;C:\terraform;C:\innog\windows-amd64;
USERNAME=LEE_SEUNGHUN06
OS=Windows_NT
PROCESSOR_IDENTIFIER=Intel64 Family 6 Model 151 Stepping 2, GenuineIntel
TMP=C:\Users\LEE_SE~1\AppData\Local\Temp
TEMP=C:\Users\LEE_SE~1\AppData\Local\Temp




Periodic native trim disabled

---------------  S Y S T E M  ---------------

OS:
 Windows 10 , 64 bit Build 19041 (10.0.19041.3031)
OS uptime: 6 days 13:31 hours
Hyper-V role detected

CPU: total 20 (initial active 20) (10 cores per cpu, 2 threads per core) family 6 model 151 stepping 2 microcode 0x1e, cx8, cmov, fxsr, ht, mmx, 3dnowpref, sse, sse2, sse3, ssse3, sse4.1, sse4.2, popcnt, lzcnt, tsc, tscinvbit, avx, avx2, aes, erms, clmul, bmi1, bmi2, adx, sha, fma, vzeroupper, clflush, clflushopt, clwb, hv, rdtscp, rdpid, fsrm, gfni, f16c, cet_ibt, cet_ss
Processor Information for processor 0
  Max Mhz: 2100, Current Mhz: 2100, Mhz Limit: 1596
Processor Information for processor 1
  Max Mhz: 2100, Current Mhz: 2100, Mhz Limit: 2100
Processor Information for processor 2
  Max Mhz: 2100, Current Mhz: 2100, Mhz Limit: 2100
Processor Information for processor 3
  Max Mhz: 2100, Current Mhz: 2100, Mhz Limit: 2100
Processor Information for processor 4
  Max Mhz: 2100, Current Mhz: 2100, Mhz Limit: 2100
Processor Information for processor 5
  Max Mhz: 2100, Current Mhz: 2100, Mhz Limit: 2100
Processor Information for processor 6
  Max Mhz: 2100, Current Mhz: 2100, Mhz Limit: 2100
Processor Information for processor 7
  Max Mhz: 2100, Current Mhz: 2100, Mhz Limit: 2100
Processor Information for processor 8
  Max Mhz: 2100, Current Mhz: 2100, Mhz Limit: 2100
Processor Information for processor 9
  Max Mhz: 2100, Current Mhz: 2100, Mhz Limit: 2100
Processor Information for processor 10
  Max Mhz: 2100, Current Mhz: 2100, Mhz Limit: 2100
Processor Information for processor 11
  Max Mhz: 2100, Current Mhz: 2100, Mhz Limit: 2100
Processor Information for processor 12
  Max Mhz: 2100, Current Mhz: 2100, Mhz Limit: 2100
Processor Information for processor 13
  Max Mhz: 2100, Current Mhz: 2100, Mhz Limit: 2100
Processor Information for processor 14
  Max Mhz: 2100, Current Mhz: 2100, Mhz Limit: 2100
Processor Information for processor 15
  Max Mhz: 2100, Current Mhz: 2100, Mhz Limit: 2100
Processor Information for processor 16
  Max Mhz: 2100, Current Mhz: 1600, Mhz Limit: 1596
Processor Information for processor 17
  Max Mhz: 2100, Current Mhz: 1600, Mhz Limit: 1596
Processor Information for processor 18
  Max Mhz: 2100, Current Mhz: 1600, Mhz Limit: 1596
Processor Information for processor 19
  Max Mhz: 2100, Current Mhz: 1600, Mhz Limit: 1596

Memory: 4k page, system-wide physical 65280M (25257M free)
TotalPageFile size 67259M (AvailPageFile size 937M)
current process WorkingSet (physical memory assigned to process): 16M, peak: 16M
current process commit charge ("private bytes"): 74M, peak: 1098M

vm_info: OpenJDK 64-Bit Server VM (23.0.1+11-39) for windows-amd64 JRE (23.0.1+11-39), built on 2024-09-30T07:20:43Z with MS VC++ 17.6 (VS2022)

END.
